# JRE version: OpenJDK Runtime Environment (25.0.1+8) (build 25.0.1+8-27)
# Java VM: OpenJDK 64-Bit Server VM (25.0.1+8-27, mixed mode, sharing, tiered, compressed oops, compressed class ptrs, g1 gc, windows-amd64)
GC Precious Log:
 CardTable entry size: 512
 Card Set container configuration: InlinePtr #cards 5 size 8 Array Of Cards #cards 10 size 36 Howl #buckets 4 coarsen threshold 1843 Howl Bitmap #cards 512 size 80 coarsen threshold 460 Card regions per heap region 1 cards per card region 2048
 CPUs: 12 total, 12 available
 Memory: 5989M
 Large Page Support: Disabled
 NUMA Support: Disabled
 Compressed Oops: Enabled (32-bit)
 Heap Region Size: 1M
 Heap Min Capacity: 8M
 Heap Initial Capacity: 94M
 Heap Max Capacity: 1498M
 Pre-touch: Disabled
 Parallel Workers: 10
 Concurrent Workers: 3
 Concurrent Refinement Workers: 10
 Periodic GC: Disabled
Heap:
 garbage-first heap   total reserved 1533952K, committed 73728K, used 53326K [0x00000000a2600000, 0x0000000100000000)
  region size 1024K, 23 young (23552K), 2 survivors (2048K)
GC Heap Usage History (20 events):
Event: 69091.843 {heap Before GC invocations=29 (full 0):
 garbage-first heap   total reserved 1533952K, committed 73728K, used 58900K [0x00000000a2600000, 0x0000000100000000)
  region size 1024K, 26 young (26624K), 1 survivors (1024K)
}
Event: 69091.907 {heap After GC invocations=30 (full 0):
 garbage-first heap   total reserved 1533952K, committed 73728K, used 33687K [0x00000000a2600000, 0x0000000100000000)
  region size 1024K, 1 young (1024K), 1 survivors (1024K)
}
Event: 70385.779 {heap Before GC invocations=31 (full 0):
 garbage-first heap   total reserved 1533952K, committed 73728K, used 56215K [0x00000000a2600000, 0x0000000100000000)
  region size 1024K, 24 young (24576K), 1 survivors (1024K)
}
Event: 70385.840 {heap After GC invocations=32 (full 0):
 garbage-first heap   total reserved 1533952K, committed 73728K, used 34051K [0x00000000a2600000, 0x0000000100000000)
  region size 1024K, 1 young (1024K), 1 survivors (1024K)
}
Event: 72351.905 {heap Before GC invocations=32 (full 0):
 garbage-first heap   total reserved 1533952K, committed 73728K, used 67843K [0x00000000a2600000, 0x0000000100000000)
  region size 1024K, 34 young (34816K), 1 survivors (1024K)
}
Event: 72352.023 {heap After GC invocations=33 (full 0):
 garbage-first heap   total reserved 1533952K, committed 73728K, used 33523K [0x00000000a2600000, 0x0000000100000000)
  region size 1024K, 2 young (2048K), 2 survivors (2048K)
}
Event: 74281.729 {heap Before GC invocations=33 (full 0):
 garbage-first heap   total reserved 1533952K, committed 73728K, used 67315K [0x00000000a2600000, 0x0000000100000000)
  region size 1024K, 35 young (35840K), 2 survivors (2048K)
}
Event: 74281.839 {heap After GC invocations=34 (full 0):
 garbage-first heap   total reserved 1533952K, committed 73728K, used 33538K [0x00000000a2600000, 0x0000000100000000)
  region size 1024K, 2 young (2048K), 2 survivors (2048K)
}
Event: 76235.885 {heap Before GC invocations=35 (full 0):
 garbage-first heap   total reserved 1533952K, committed 73728K, used 67330K [0x00000000a2600000, 0x0000000100000000)
  region size 1024K, 35 young (35840K), 2 survivors (2048K)
}
Event: 76235.965 {heap After GC invocations=36 (full 0):
 garbage-first heap   total reserved 1533952K, committed 73728K, used 33451K [0x00000000a2600000, 0x0000000100000000)
  region size 1024K, 1 young (1024K), 1 survivors (1024K)
}
Event: 78134.939 {heap Before GC invocations=36 (full 0):
 garbage-first heap   total reserved 1533952K, committed 73728K, used 68267K [0x00000000a2600000, 0x0000000100000000)
  region size 1024K, 35 young (35840K), 1 survivors (1024K)
}
Event: 78135.097 {heap After GC invocations=37 (full 0):
 garbage-first heap   total reserved 1533952K, committed 73728K, used 33250K [0x00000000a2600000, 0x0000000100000000)
  region size 1024K, 2 young (2048K), 2 survivors (2048K)
}
Event: 80076.134 {heap Before GC invocations=37 (full 0):
 garbage-first heap   total reserved 1533952K, committed 73728K, used 67042K [0x00000000a2600000, 0x0000000100000000)
  region size 1024K, 35 young (35840K), 2 survivors (2048K)
}
Event: 80076.264 {heap After GC invocations=38 (full 0):
 garbage-first heap   total reserved 1533952K, committed 73728K, used 33150K [0x00000000a2600000, 0x0000000100000000)
  region size 1024K, 2 young (2048K), 2 survivors (2048K)
}
Event: 81983.421 {heap Before GC invocations=39 (full 0):
 garbage-first heap   total reserved 1533952K, committed 73728K, used 66942K [0x00000000a2600000, 0x0000000100000000)
  region size 1024K, 35 young (35840K), 2 survivors (2048K)
}
Event: 81983.482 {heap After GC invocations=40 (full 0):
 garbage-first heap   total reserved 1533952K, committed 73728K, used 33177K [0x00000000a2600000, 0x0000000100000000)
  region size 1024K, 2 young (2048K), 2 survivors (2048K)
}
Event: 83885.978 {heap Before GC invocations=40 (full 0):
 garbage-first heap   total reserved 1533952K, committed 73728K, used 66969K [0x00000000a2600000, 0x0000000100000000)
  region size 1024K, 35 young (35840K), 2 survivors (2048K)
}
Event: 83886.057 {heap After GC invocations=41 (full 0):
 garbage-first heap   total reserved 1533952K, committed 73728K, used 32804K [0x00000000a2600000, 0x0000000100000000)
  region size 1024K, 2 young (2048K), 2 survivors (2048K)
}
Event: 85762.328 {heap Before GC invocations=41 (full 0):
 garbage-first heap   total reserved 1533952K, committed 73728K, used 67620K [0x00000000a2600000, 0x0000000100000000)
  region size 1024K, 36 young (36864K), 2 survivors (2048K)
}
Event: 85762.375 {heap After GC invocations=42 (full 0):
 garbage-first heap   total reserved 1533952K, committed 73728K, used 32846K [0x00000000a2600000, 0x0000000100000000)
  region size 1024K, 2 young (2048K), 2 survivors (2048K)
}

